SF:lib/screen/home.dart
DA:8,0
DA:10,0
DA:13,0
DA:14,0
DA:15,0
LF:5
LH:0
end_of_record
SF:lib/controller/controller.dart
DA:4,1
DA:5,3
DA:10,0
DA:11,0
DA:12,0
DA:13,0
LF:6
LH:2
end_of_record
SF:lib/model/akbar_model.dart
DA:26,2
DA:28,2
DA:29,2
DA:30,2
DA:40,0
DA:48,0
DA:49,0
DA:50,0
DA:52,0
DA:57,0
DA:90,1
DA:92,1
DA:93,1
DA:94,1
DA:101,1
DA:102,1
DA:107,2
DA:109,1
DA:116,2
DA:117,0
DA:118,0
DA:120,1
DA:124,1
DA:125,1
DA:126,1
DA:127,2
DA:132,1
DA:133,1
DA:141,1
DA:142,1
DA:150,1
DA:151,1
DA:159,1
DA:160,1
LF:34
LH:26
end_of_record
SF:lib/screen/input_gerobak_detail/input_menu/input_menu_form.dart
DA:12,2
DA:13,2
DA:15,2
DA:21,2
DA:22,2
DA:23,2
DA:24,2
DA:25,2
DA:26,2
DA:27,2
DA:29,2
DA:31,8
DA:33,2
DA:34,2
DA:35,2
DA:36,8
DA:37,2
DA:38,2
DA:39,2
DA:40,6
DA:42,2
DA:46,0
DA:47,0
DA:53,2
DA:54,2
DA:55,2
DA:56,2
DA:58,2
DA:60,8
DA:62,2
DA:63,2
DA:64,2
DA:65,8
DA:66,2
DA:67,2
DA:68,2
DA:69,6
DA:71,2
DA:75,0
DA:76,0
DA:82,2
DA:83,2
DA:84,2
DA:85,2
DA:87,2
DA:89,8
DA:91,2
DA:92,2
DA:93,1
DA:94,3
DA:96,2
DA:97,2
DA:110,2
DA:112,2
DA:113,2
DA:114,2
DA:115,2
DA:118,2
DA:119,2
DA:120,2
LF:60
LH:56
end_of_record
SF:lib/screen/input_gerobak_detail/input_menu/input_menu_view.dart
DA:23,1
DA:26,1
DA:28,1
DA:35,1
DA:36,2
DA:37,2
DA:38,3
DA:39,0
DA:42,4
DA:47,1
DA:48,2
DA:49,1
DA:50,3
DA:52,2
DA:57,1
DA:58,1
DA:59,1
DA:60,1
DA:61,1
DA:63,1
DA:64,4
DA:66,1
DA:67,1
DA:72,1
DA:73,1
DA:75,1
DA:76,1
DA:77,1
DA:78,1
DA:79,1
DA:80,1
DA:82,1
DA:83,4
DA:85,1
DA:86,3
DA:90,1
DA:91,1
DA:92,1
DA:93,1
DA:94,1
DA:96,1
DA:97,4
DA:99,0
DA:100,0
DA:101,0
DA:102,0
DA:104,0
DA:105,0
DA:106,0
DA:116,1
DA:117,1
DA:118,1
DA:119,2
DA:120,3
DA:124,1
DA:126,1
DA:127,1
DA:128,1
DA:129,1
DA:130,1
DA:131,1
DA:132,1
DA:134,1
DA:135,3
DA:136,3
DA:137,1
DA:138,1
DA:139,1
DA:141,1
DA:145,1
DA:146,1
DA:148,1
LF:72
LH:64
end_of_record
SF:lib/object/menu.dart
DA:5,1
DA:7,0
DA:8,0
DA:9,0
DA:12,0
DA:13,0
DA:14,0
LF:7
LH:1
end_of_record
SF:lib/object/gerobak.dart
DA:12,0
DA:13,0
DA:14,0
DA:17,0
DA:26,0
DA:27,0
DA:28,0
DA:29,0
DA:31,0
DA:32,0
DA:33,0
DA:34,0
DA:35,0
DA:36,0
DA:41,0
DA:42,0
DA:43,0
DA:44,0
DA:45,0
DA:46,0
DA:47,0
LF:21
LH:0
end_of_record
SF:lib/screen/input_gerobak_detail/input_gerobak/input_gerobak_view.dart
DA:14,2
DA:16,2
DA:21,2
DA:22,2
DA:23,2
DA:24,2
DA:25,8
DA:26,2
DA:27,2
DA:28,2
DA:29,6
DA:31,2
DA:38,1
DA:39,1
DA:41,1
DA:42,1
DA:43,1
DA:44,1
DA:45,1
DA:46,1
DA:47,1
DA:48,1
DA:49,1
DA:50,1
DA:51,1
DA:52,1
DA:54,2
DA:55,1
DA:56,1
DA:57,1
DA:58,1
DA:59,1
DA:62,1
DA:63,1
DA:64,1
DA:65,1
DA:67,3
DA:69,1
DA:70,2
DA:81,1
DA:82,3
DA:83,0
DA:84,0
DA:85,0
DA:90,1
DA:91,3
DA:92,0
DA:93,0
DA:94,0
DA:99,2
DA:100,2
DA:101,2
DA:102,2
DA:103,1
DA:104,2
DA:106,2
DA:108,8
DA:113,2
DA:114,2
DA:115,2
DA:117,0
DA:118,0
DA:119,0
DA:120,0
DA:121,0
DA:122,0
DA:123,0
DA:127,0
DA:130,0
DA:136,0
DA:137,0
DA:138,0
DA:139,0
DA:140,0
DA:141,0
DA:142,0
DA:145,0
DA:146,0
DA:147,0
DA:148,0
DA:149,0
DA:151,0
DA:159,2
DA:160,2
DA:161,2
DA:162,2
DA:163,8
DA:164,2
DA:165,2
DA:166,2
DA:167,6
DA:169,2
DA:176,2
DA:177,2
DA:178,2
DA:179,2
DA:180,2
DA:181,2
DA:182,1
DA:183,1
DA:184,1
DA:185,1
DA:190,2
DA:192,8
DA:194,2
DA:195,2
DA:196,2
DA:197,1
DA:198,1
DA:199,1
DA:200,1
DA:205,2
DA:207,8
DA:213,2
DA:214,2
DA:216,2
DA:217,8
DA:222,1
DA:223,1
DA:225,1
DA:226,1
DA:227,1
DA:228,1
DA:229,1
DA:236,2
DA:237,2
DA:238,2
DA:239,1
DA:240,2
DA:242,2
DA:243,2
DA:250,2
DA:251,2
DA:252,2
DA:253,2
DA:254,2
DA:256,8
DA:258,0
DA:259,0
DA:260,0
DA:261,0
DA:262,0
DA:263,0
DA:269,2
DA:271,2
DA:272,2
DA:273,2
DA:274,2
DA:275,2
DA:276,2
DA:277,2
DA:278,2
DA:279,2
DA:281,2
DA:282,2
DA:285,2
DA:286,2
DA:288,2
DA:290,6
DA:292,2
DA:293,2
DA:294,2
DA:295,2
DA:297,2
DA:299,6
DA:301,2
DA:302,2
DA:303,2
DA:304,2
DA:307,2
DA:308,6
DA:310,2
DA:311,2
DA:312,2
DA:313,2
DA:314,2
DA:315,2
DA:317,2
DA:319,6
DA:321,2
DA:324,2
DA:325,2
DA:326,2
DA:327,2
LF:184
LH:150
end_of_record
SF:lib/screen/input_gerobak_detail/ubah_gerobak/ubah_gerobak_view.dart
DA:14,1
DA:16,1
DA:21,1
DA:22,1
DA:23,1
DA:24,1
DA:25,4
DA:26,1
DA:27,1
DA:28,1
DA:29,3
DA:31,1
DA:38,1
DA:39,1
DA:41,1
DA:42,1
DA:43,1
DA:44,1
DA:45,1
DA:46,1
DA:47,1
DA:48,1
DA:49,1
DA:50,1
DA:51,1
DA:52,1
DA:54,2
DA:55,1
DA:56,1
DA:57,1
DA:58,1
DA:59,1
DA:62,1
DA:63,1
DA:64,1
DA:65,1
DA:67,3
DA:69,1
DA:70,2
DA:81,1
DA:82,3
DA:83,0
DA:84,0
DA:85,0
DA:88,0
DA:91,1
DA:92,3
DA:93,0
DA:94,0
DA:95,0
DA:98,0
DA:101,1
DA:102,1
DA:103,1
DA:104,1
DA:105,1
DA:106,2
DA:108,1
DA:110,4
DA:115,1
DA:116,1
DA:117,1
DA:119,0
DA:120,0
DA:121,0
DA:122,0
DA:123,0
DA:127,0
DA:133,1
DA:134,1
DA:135,1
DA:136,1
DA:137,4
DA:138,1
DA:139,1
DA:140,1
DA:141,3
DA:143,1
DA:150,1
DA:151,1
DA:152,1
DA:153,1
DA:154,1
DA:155,1
DA:156,1
DA:157,1
DA:158,1
DA:159,1
DA:164,1
DA:166,4
DA:168,1
DA:169,1
DA:170,1
DA:171,1
DA:172,1
DA:173,1
DA:174,1
DA:179,1
DA:181,4
DA:187,1
DA:188,1
DA:190,1
DA:191,4
DA:196,1
DA:197,1
DA:199,1
DA:200,1
DA:201,1
DA:202,1
DA:203,1
DA:210,1
DA:211,1
DA:212,1
DA:213,1
DA:214,2
DA:216,1
DA:217,1
DA:224,1
DA:225,1
DA:226,1
DA:227,1
DA:228,1
DA:230,4
DA:232,0
DA:233,0
DA:234,0
DA:235,0
DA:236,0
DA:237,0
DA:243,1
DA:245,1
DA:246,1
DA:247,1
DA:248,1
DA:249,1
DA:250,1
DA:251,1
DA:252,1
DA:253,1
DA:255,1
DA:256,1
DA:259,1
DA:260,1
DA:262,1
DA:264,3
DA:266,1
DA:267,1
DA:268,1
DA:269,1
DA:271,1
DA:273,3
DA:275,1
DA:276,1
DA:277,1
DA:278,1
DA:281,1
DA:282,3
DA:284,1
DA:285,1
DA:286,1
DA:287,1
DA:288,1
DA:289,1
DA:291,1
DA:293,3
DA:295,1
DA:298,1
DA:299,1
DA:300,1
DA:301,1
LF:170
LH:150
end_of_record
SF:lib/screen/show_gerobak_detail/show_gerobak_detail_view.dart
DA:8,1
DA:10,1
DA:15,0
DA:16,0
DA:17,0
DA:19,0
DA:20,0
DA:21,0
DA:22,0
DA:24,0
DA:25,0
DA:27,0
DA:28,0
DA:30,0
DA:31,0
DA:33,0
DA:35,0
DA:36,0
DA:38,0
DA:40,0
DA:41,0
DA:43,0
DA:49,0
DA:50,0
DA:51,0
DA:52,0
DA:54,0
DA:55,0
DA:56,0
DA:60,0
DA:61,0
DA:67,0
DA:68,0
DA:69,0
DA:70,0
DA:71,0
DA:73,0
DA:74,0
DA:79,0
DA:83,1
DA:84,1
DA:85,1
DA:86,1
DA:87,1
DA:88,1
DA:90,4
DA:95,0
DA:96,0
DA:97,0
DA:98,0
DA:99,0
DA:100,0
DA:101,0
DA:105,0
DA:107,0
DA:109,0
DA:110,0
DA:114,0
DA:116,0
DA:123,1
DA:125,1
DA:126,1
DA:127,1
DA:128,1
DA:129,1
DA:130,0
DA:131,0
DA:132,0
DA:133,0
DA:134,0
DA:135,0
DA:136,0
DA:137,0
DA:139,0
DA:140,0
DA:142,0
DA:143,0
DA:144,0
DA:150,1
DA:151,3
DA:153,2
DA:156,1
DA:157,1
DA:158,1
LF:84
LH:21
end_of_record
SF:lib/theme/theme.dart
DA:4,0
DA:5,0
DA:6,0
DA:7,0
DA:12,0
DA:15,0
DA:20,0
DA:25,0
DA:30,0
DA:35,0
DA:40,0
DA:48,0
DA:49,0
DA:50,0
LF:14
LH:0
end_of_record
SF:lib/screen/home_screen.dart
DA:7,0
DA:9,0
DA:14,0
DA:16,0
DA:17,0
DA:18,0
DA:19,0
DA:20,0
DA:21,0
DA:23,0
DA:24,0
DA:27,0
DA:29,0
DA:30,0
DA:38,0
DA:39,0
DA:40,0
DA:41,0
DA:42,0
DA:44,0
DA:46,0
DA:48,0
DA:49,0
DA:50,0
LF:24
LH:0
end_of_record
SF:lib/theme/all_items.dart
DA:4,3
DA:5,3
DA:10,3
DA:12,3
DA:15,3
LF:5
LH:5
end_of_record
SF:lib/theme/button.dart
DA:4,0
DA:5,0
DA:8,0
DA:9,0
DA:13,0
DA:14,0
DA:17,0
DA:21,0
DA:22,0
DA:26,4
DA:27,4
DA:29,4
DA:30,4
DA:35,1
DA:36,1
DA:38,1
DA:39,1
LF:17
LH:8
end_of_record
SF:lib/theme/color.dart
DA:7,0
LF:1
LH:0
end_of_record
