SF:lib/screen/home.dart
DA:8,0
DA:10,0
DA:13,0
DA:14,0
DA:15,0
LF:5
LH:0
end_of_record
SF:lib/controller/controller.dart
DA:4,1
DA:5,3
DA:10,0
DA:11,0
DA:12,0
DA:13,0
LF:6
LH:2
end_of_record
SF:lib/model/gerobak_detail_model.dart
DA:20,4
DA:22,4
DA:23,4
DA:24,4
DA:34,2
DA:35,2
DA:36,2
DA:37,2
DA:38,4
DA:39,2
DA:44,1
DA:45,1
DA:54,1
DA:55,1
DA:64,1
DA:65,1
DA:74,1
DA:75,1
LF:18
LH:18
end_of_record
SF:lib/object/menu.dart
DA:5,3
DA:7,2
DA:8,2
DA:9,2
DA:10,2
DA:11,2
DA:12,2
DA:13,2
DA:14,2
LF:9
LH:9
end_of_record
SF:lib/screen/input_gerobak_detail/input_gerobak/input_gerobak_view.dart
DA:12,4
DA:14,4
DA:19,4
DA:20,4
DA:21,4
DA:22,4
DA:23,16
DA:24,4
DA:25,4
DA:26,4
DA:27,12
DA:29,4
DA:36,1
DA:37,1
DA:39,1
DA:40,1
DA:41,1
DA:42,1
DA:43,1
DA:44,1
DA:45,1
DA:46,1
DA:47,1
DA:48,0
DA:49,0
DA:51,2
DA:52,1
DA:53,1
DA:54,0
DA:55,0
DA:58,1
DA:59,1
DA:60,1
DA:61,1
DA:63,3
DA:65,1
DA:66,2
DA:77,0
DA:78,0
DA:79,0
DA:80,0
DA:81,0
DA:84,0
DA:87,0
DA:88,0
DA:89,0
DA:90,0
DA:91,0
DA:94,0
DA:97,4
DA:98,4
DA:99,4
DA:100,4
DA:101,1
DA:102,2
DA:104,4
DA:106,16
DA:111,4
DA:112,4
DA:113,4
DA:115,0
DA:116,0
DA:117,0
DA:118,0
DA:122,0
DA:128,4
DA:129,4
DA:130,4
DA:131,4
DA:132,16
DA:133,4
DA:134,4
DA:135,4
DA:136,12
DA:138,4
DA:145,4
DA:146,4
DA:147,4
DA:148,4
DA:149,4
DA:150,4
DA:151,0
DA:152,0
DA:153,0
DA:154,0
DA:159,4
DA:161,16
DA:163,4
DA:164,4
DA:165,4
DA:166,0
DA:167,0
DA:168,0
DA:169,0
DA:174,4
DA:176,16
DA:182,4
DA:183,4
DA:185,4
DA:186,16
DA:191,1
DA:192,1
DA:194,1
DA:195,1
DA:196,1
DA:197,1
DA:198,1
DA:205,4
DA:206,4
DA:207,4
DA:208,1
DA:209,2
DA:211,4
DA:212,4
DA:219,4
DA:220,4
DA:221,4
DA:222,4
DA:223,4
DA:225,16
DA:227,0
DA:228,0
DA:229,0
DA:235,4
DA:237,4
DA:238,4
DA:239,4
DA:240,4
DA:241,4
DA:242,4
DA:243,4
DA:244,4
DA:246,4
DA:247,4
DA:250,4
DA:251,4
DA:253,4
DA:255,12
DA:257,4
DA:258,4
DA:259,4
DA:260,4
DA:262,4
DA:264,12
DA:266,4
DA:267,4
DA:268,4
DA:269,4
DA:272,4
DA:273,12
DA:275,4
DA:276,4
DA:277,4
DA:278,4
DA:279,4
DA:280,4
DA:282,4
DA:284,12
DA:286,4
DA:289,4
DA:290,4
DA:291,4
DA:292,4
LF:163
LH:131
end_of_record
SF:lib/screen/show_gerobak_detail/show_gerobak_detail_view.dart
DA:6,2
DA:8,2
DA:13,2
DA:14,2
DA:15,6
DA:17,2
DA:18,2
DA:19,2
DA:20,2
DA:22,2
DA:23,8
DA:25,2
DA:26,2
DA:28,2
DA:29,8
DA:31,2
DA:33,2
DA:34,8
DA:36,2
DA:38,2
DA:39,8
DA:41,2
DA:47,2
DA:48,2
DA:49,2
DA:50,2
DA:52,2
DA:53,2
DA:54,2
DA:58,2
DA:59,2
DA:64,2
DA:65,2
DA:66,4
DA:67,2
DA:68,2
DA:69,4
DA:71,2
DA:72,4
DA:77,2
DA:81,2
DA:82,2
DA:83,2
DA:84,2
DA:85,1
DA:86,2
DA:88,8
DA:93,2
DA:94,2
DA:95,2
DA:96,2
DA:97,2
DA:98,2
DA:99,2
DA:100,2
DA:103,2
DA:105,8
DA:107,2
DA:108,2
DA:109,2
DA:112,2
DA:114,8
DA:121,2
DA:123,2
DA:124,2
DA:125,2
DA:126,2
DA:127,2
DA:128,2
DA:129,2
DA:130,2
DA:135,2
DA:136,2
DA:137,2
LF:74
LH:74
end_of_record
SF:lib/object/gerobak.dart
DA:14,0
DA:15,0
DA:16,0
DA:19,0
LF:4
LH:0
end_of_record
SF:lib/theme/theme.dart
DA:4,5
DA:5,5
DA:6,5
DA:7,10
DA:12,10
DA:15,10
DA:20,10
DA:25,10
DA:30,10
DA:35,10
DA:40,10
DA:48,5
DA:49,5
DA:50,10
LF:14
LH:14
end_of_record
SF:lib/screen/home_screen.dart
DA:6,0
DA:8,0
DA:13,0
DA:15,0
DA:16,0
DA:17,0
DA:18,0
DA:19,0
DA:20,0
DA:22,0
DA:23,0
DA:26,0
DA:28,0
DA:29,0
DA:37,0
DA:38,0
DA:39,0
DA:40,0
DA:41,0
DA:43,0
DA:45,0
DA:47,0
DA:48,0
DA:49,0
LF:24
LH:0
end_of_record
SF:lib/theme/all_items.dart
DA:4,5
DA:5,5
DA:10,5
DA:12,5
DA:15,5
LF:5
LH:5
end_of_record
SF:lib/screen/input_gerobak_detail/input_gerobak/input_gerobak.dart
DA:7,3
DA:9,3
DA:11,3
DA:12,3
DA:13,3
LF:5
LH:5
end_of_record
SF:lib/screen/input_gerobak_detail/input_menu/input_menu.dart
DA:6,1
DA:8,1
DA:10,1
DA:11,1
DA:12,1
LF:5
LH:5
end_of_record
SF:lib/theme/button.dart
DA:4,0
DA:5,0
DA:8,0
DA:9,0
DA:13,0
DA:14,0
DA:17,0
DA:21,0
DA:22,0
DA:26,6
DA:27,6
DA:29,6
DA:30,6
DA:35,2
DA:36,2
DA:38,2
DA:39,2
LF:17
LH:8
end_of_record
SF:lib/screen/input_gerobak_detail/input_menu/input_menu_view.dart
DA:11,2
DA:13,2
DA:20,1
DA:21,2
DA:22,2
DA:26,1
DA:27,2
DA:28,3
DA:32,2
DA:33,2
DA:34,2
DA:35,2
DA:36,2
DA:38,2
DA:39,8
DA:41,1
DA:42,1
DA:47,2
DA:48,2
DA:50,2
DA:51,2
DA:52,2
DA:53,2
DA:54,2
DA:55,2
DA:57,2
DA:58,8
DA:60,1
DA:61,3
DA:65,2
DA:66,2
DA:67,2
DA:68,2
DA:69,2
DA:71,2
DA:72,8
DA:74,0
DA:75,0
DA:83,1
DA:84,1
DA:85,1
DA:86,2
DA:87,2
DA:88,2
DA:89,2
DA:94,2
DA:96,2
DA:97,2
DA:98,2
DA:99,2
DA:100,2
DA:101,2
DA:102,2
DA:104,2
DA:105,6
DA:106,6
DA:107,2
DA:108,1
DA:109,1
DA:111,2
DA:115,2
DA:116,2
DA:118,2
LF:63
LH:61
end_of_record
SF:lib/screen/input_gerobak_detail/input_menu/input_menu_form.dart
DA:12,2
DA:13,2
DA:15,2
DA:21,2
DA:22,2
DA:23,2
DA:24,2
DA:25,2
DA:26,2
DA:27,2
DA:29,2
DA:31,8
DA:33,2
DA:34,2
DA:35,8
DA:36,2
DA:37,2
DA:38,2
DA:39,6
DA:41,2
DA:45,0
DA:52,2
DA:53,2
DA:54,2
DA:55,2
DA:57,2
DA:59,8
DA:61,2
DA:62,2
DA:63,8
DA:64,2
DA:65,2
DA:66,2
DA:67,6
DA:69,2
DA:73,0
DA:80,2
DA:81,2
DA:82,2
DA:83,2
DA:85,2
DA:87,8
DA:89,2
DA:90,2
DA:91,1
DA:92,3
DA:94,2
DA:95,2
DA:108,2
DA:110,2
DA:111,2
DA:112,2
DA:113,2
DA:116,2
DA:117,2
DA:118,2
LF:56
LH:54
end_of_record
SF:lib/screen/show_gerobak_detail/show_gerobak_detail.dart
DA:6,1
DA:8,1
DA:10,1
DA:11,1
DA:12,1
LF:5
LH:5
end_of_record
SF:lib/theme/color.dart
DA:7,0
LF:1
LH:0
end_of_record
